[debug] [2022-07-16T10:05:11.206Z] ----------------------------------------------------------------------
[debug] [2022-07-16T10:05:11.210Z] Command:       C:\Program Files\nodejs\node.exe C:\Users\DCL\AppData\Roaming\npm\node_modules\firebase-tools\lib\bin\firebase.js init
[debug] [2022-07-16T10:05:11.211Z] CLI Version:   11.1.0
[debug] [2022-07-16T10:05:11.211Z] Platform:      win32
[debug] [2022-07-16T10:05:11.211Z] Node Version:  v16.13.1
[debug] [2022-07-16T10:05:11.227Z] Time:          Sat Jul 16 2022 16:05:11 GMT+0600 (Bangladesh Standard Time)
[debug] [2022-07-16T10:05:11.227Z] ----------------------------------------------------------------------
[debug] 
[debug] [2022-07-16T10:05:11.232Z] >>> [apiv2][query] GET https://firebase-public.firebaseio.com/cli.json [none]
[debug] [2022-07-16T10:05:11.272Z] > command requires scopes: ["email","openid","https://www.googleapis.com/auth/cloudplatformprojects.readonly","https://www.googleapis.com/auth/firebase","https://www.googleapis.com/auth/cloud-platform"]
[debug] [2022-07-16T10:05:11.273Z] > authorizing via signed-in user (gazifahad3@gmail.com)
[info] 
     ######## #### ########  ######## ########     ###     ######  ########
     ##        ##  ##     ## ##       ##     ##  ##   ##  ##       ##
     ######    ##  ########  ######   ########  #########  ######  ######
     ##        ##  ##    ##  ##       ##     ## ##     ##       ## ##
     ##       #### ##     ## ######## ########  ##     ##  ######  ########

You're about to initialize a Firebase project in this directory:

  E:\practice\social-app\social-app-client

[debug] [2022-07-16T10:05:12.141Z] <<< [apiv2][status] GET https://firebase-public.firebaseio.com/cli.json 200
[debug] [2022-07-16T10:05:12.142Z] <<< [apiv2][body] GET https://firebase-public.firebaseio.com/cli.json {"cloudBuildErrorAfter":1594252800000,"cloudBuildWarnAfter":1590019200000,"defaultNode10After":1594252800000,"minVersion":"3.0.5","node8DeploysDisabledAfter":1613390400000,"node8RuntimeDisabledAfter":1615809600000,"node8WarnAfter":1600128000000}
[info] 
=== Project Setup
[info] 
[info] First, let's associate this project directory with a Firebase project.
[info] You can create multiple project aliases by running firebase use --add, 
[info] but for now we'll just set up a default project.
[info] 
[info] i  If you want to create a project in a Google Cloud organization or folder, please use "firebase projects:create" instead, and return to this command when you've created the project. 
